11:48:24.885 [main] [o.s.c.o.b.m.d.t.JsonDtoTests] DEBUG org.solent.com504.oodd.bank.model.dto.test.JsonDtoTests - Json transactionRequest output:
{
  "fromCard" : {
    "name" : "",
    "endDate" : "",
    "cardnumber" : "",
    "cvv" : "111",
    "issueNumber" : "01"
  },
  "toCard" : {
    "name" : "",
    "endDate" : "",
    "cardnumber" : "",
    "cvv" : "111",
    "issueNumber" : "01"
  },
  "amount" : 100.01
}
11:48:25.636 [main] [o.s.c.o.p.t.PasswordUtilsTest] DEBUG org.solent.com504.oodd.password.test.PasswordUtilsTest - password=1234567890 hashedpw=$2a$12$85QBUK7OketfVsmoeV83iOMsX5SuNs7GuX/YA/ooh2..Y6uqTrlsS
11:48:26.174 [main] [o.s.c.o.p.t.PasswordUtilsTest] DEBUG org.solent.com504.oodd.password.test.PasswordUtilsTest - password 1234567890 matches
11:48:28.365 [main] [o.s.c.o.p.t.PasswordUtilsTest] DEBUG org.solent.com504.oodd.password.test.PasswordUtilsTest - password 1234567890 does not match
